#
# This file is autogenerated by pip-compile with Python 3.11
# by the following command:
#
#    pip-compile --extra=mypy --output-file=dependencies-mypy.log
#
astropy==5.3.4
    # via
    #   healpy
    #   icecube-skyreader (setup.py)
cachetools==5.3.2
    # via wipac-rest-tools
certifi==2023.7.22
    # via requests
cffi==1.16.0
    # via cryptography
charset-normalizer==3.3.2
    # via requests
contourpy==1.2.0
    # via matplotlib
cryptography==41.0.5
    # via pyjwt
cycler==0.12.1
    # via matplotlib
fonttools==4.44.0
    # via matplotlib
healpy==1.16.6
    # via icecube-skyreader (setup.py)
idna==3.4
    # via requests
iniconfig==2.0.0
    # via pytest
kiwisolver==1.4.5
    # via matplotlib
matplotlib==3.8.1
    # via
    #   healpy
    #   icecube-skyreader (setup.py)
meander==0.0.3
    # via icecube-skyreader (setup.py)
numpy==1.26.2
    # via
    #   astropy
    #   contourpy
    #   healpy
    #   icecube-skyreader (setup.py)
    #   matplotlib
    #   pandas
    #   pyerfa
    #   scipy
packaging==23.2
    # via
    #   astropy
    #   matplotlib
    #   pytest
pandas==2.1.3
    # via icecube-skyreader (setup.py)
pillow==10.1.0
    # via matplotlib
pluggy==1.3.0
    # via pytest
pycparser==2.21
    # via cffi
pyerfa==2.0.1.1
    # via astropy
pyjwt[crypto]==2.8.0
    # via
    #   pyjwt
    #   wipac-rest-tools
pyparsing==3.1.1
    # via matplotlib
pypng==0.20220715.0
    # via qrcode
pytest==7.4.3
    # via
    #   icecube-skyreader (setup.py)
    #   pytest-mock
pytest-mock==3.12.0
    # via icecube-skyreader (setup.py)
python-dateutil==2.8.2
    # via
    #   matplotlib
    #   pandas
pytz==2023.3.post1
    # via pandas
pyyaml==6.0.1
    # via astropy
qrcode==7.4.2
    # via wipac-rest-tools
requests==2.31.0
    # via
    #   requests-futures
    #   wipac-dev-tools
    #   wipac-rest-tools
requests-futures==1.0.1
    # via wipac-rest-tools
scipy==1.11.3
    # via healpy
six==1.16.0
    # via python-dateutil
tornado==6.3.3
    # via wipac-rest-tools
typing-extensions==4.8.0
    # via
    #   qrcode
    #   wipac-dev-tools
tzdata==2023.3
    # via pandas
urllib3==2.1.0
    # via
    #   requests
    #   wipac-rest-tools
wipac-dev-tools==1.7.1
    # via
    #   icecube-skyreader (setup.py)
    #   wipac-rest-tools
wipac-rest-tools==1.6.0
    # via icecube-skyreader (setup.py)
