#
# This file was autogenerated by WIPACrepo/wipac-dev-py-dependencies-action
#   from `pip install .[examples]`
#   using Python 3.13.
#
########################################################################
#  pip freeze
########################################################################
astropy==7.1.0
astropy-iers-data==0.2025.8.4.0.42.59
cachetools==6.1.0
certifi==2025.8.3
cffi==1.17.1
charset-normalizer==3.4.2
contourpy==1.3.3
cryptography==45.0.5
cycler==0.12.1
fonttools==4.59.0
healpy==1.18.1
idna==3.10
kiwisolver==1.4.8
matplotlib==3.10.5
meander==0.0.3
mhealpy==0.3.6
numpy==2.3.2
packaging==25.0
pandas==2.3.1
pillow==11.3.0
pycparser==2.22
pyerfa==2.0.1.5
PyJWT==2.10.1
pyparsing==3.2.3
python-dateutil==2.9.0.post0
pytz==2025.2
PyYAML==6.0.2
qrcode==8.2
requests==2.32.4
requests-futures==1.0.2
scipy==1.16.1
six==1.17.0
tornado==6.5.1
typing_extensions==4.14.1
tzdata==2025.2
urllib3==2.5.0
wipac-dev-tools==1.16.12
wipac-rest-tools==1.11.0
########################################################################
#  pipdeptree
########################################################################
cryptography==45.0.5
└── cffi [required: >=1.14, installed: 1.17.1]
    └── pycparser [required: Any, installed: 2.22]
icecube-skyreader
├── astropy [required: Any, installed: 7.1.0]
│   ├── numpy [required: >=1.23.2, installed: 2.3.2]
│   ├── pyerfa [required: >=2.0.1.1, installed: 2.0.1.5]
│   │   └── numpy [required: >=1.19.3, installed: 2.3.2]
│   ├── astropy-iers-data [required: >=0.2025.4.28.0.37.27, installed: 0.2025.8.4.0.42.59]
│   ├── PyYAML [required: >=6.0.0, installed: 6.0.2]
│   └── packaging [required: >=22.0.0, installed: 25.0]
├── healpy [required: Any, installed: 1.18.1]
│   ├── numpy [required: >=1.19, installed: 2.3.2]
│   └── astropy [required: Any, installed: 7.1.0]
│       ├── numpy [required: >=1.23.2, installed: 2.3.2]
│       ├── pyerfa [required: >=2.0.1.1, installed: 2.0.1.5]
│       │   └── numpy [required: >=1.19.3, installed: 2.3.2]
│       ├── astropy-iers-data [required: >=0.2025.4.28.0.37.27, installed: 0.2025.8.4.0.42.59]
│       ├── PyYAML [required: >=6.0.0, installed: 6.0.2]
│       └── packaging [required: >=22.0.0, installed: 25.0]
├── matplotlib [required: Any, installed: 3.10.5]
│   ├── contourpy [required: >=1.0.1, installed: 1.3.3]
│   │   └── numpy [required: >=1.25, installed: 2.3.2]
│   ├── cycler [required: >=0.10, installed: 0.12.1]
│   ├── fonttools [required: >=4.22.0, installed: 4.59.0]
│   ├── kiwisolver [required: >=1.3.1, installed: 1.4.8]
│   ├── numpy [required: >=1.23, installed: 2.3.2]
│   ├── packaging [required: >=20.0, installed: 25.0]
│   ├── pillow [required: >=8, installed: 11.3.0]
│   ├── pyparsing [required: >=2.3.1, installed: 3.2.3]
│   └── python-dateutil [required: >=2.7, installed: 2.9.0.post0]
│       └── six [required: >=1.5, installed: 1.17.0]
├── meander [required: Any, installed: 0.0.3]
├── mhealpy [required: Any, installed: 0.3.6]
│   ├── healpy [required: Any, installed: 1.18.1]
│   │   ├── numpy [required: >=1.19, installed: 2.3.2]
│   │   └── astropy [required: Any, installed: 7.1.0]
│   │       ├── numpy [required: >=1.23.2, installed: 2.3.2]
│   │       ├── pyerfa [required: >=2.0.1.1, installed: 2.0.1.5]
│   │       │   └── numpy [required: >=1.19.3, installed: 2.3.2]
│   │       ├── astropy-iers-data [required: >=0.2025.4.28.0.37.27, installed: 0.2025.8.4.0.42.59]
│   │       ├── PyYAML [required: >=6.0.0, installed: 6.0.2]
│   │       └── packaging [required: >=22.0.0, installed: 25.0]
│   └── matplotlib [required: Any, installed: 3.10.5]
│       ├── contourpy [required: >=1.0.1, installed: 1.3.3]
│       │   └── numpy [required: >=1.25, installed: 2.3.2]
│       ├── cycler [required: >=0.10, installed: 0.12.1]
│       ├── fonttools [required: >=4.22.0, installed: 4.59.0]
│       ├── kiwisolver [required: >=1.3.1, installed: 1.4.8]
│       ├── numpy [required: >=1.23, installed: 2.3.2]
│       ├── packaging [required: >=20.0, installed: 25.0]
│       ├── pillow [required: >=8, installed: 11.3.0]
│       ├── pyparsing [required: >=2.3.1, installed: 3.2.3]
│       └── python-dateutil [required: >=2.7, installed: 2.9.0.post0]
│           └── six [required: >=1.5, installed: 1.17.0]
├── numpy [required: Any, installed: 2.3.2]
├── pandas [required: Any, installed: 2.3.1]
│   ├── numpy [required: >=1.26.0, installed: 2.3.2]
│   ├── python-dateutil [required: >=2.8.2, installed: 2.9.0.post0]
│   │   └── six [required: >=1.5, installed: 1.17.0]
│   ├── pytz [required: >=2020.1, installed: 2025.2]
│   └── tzdata [required: >=2022.7, installed: 2025.2]
├── scipy [required: Any, installed: 1.16.1]
│   └── numpy [required: >=1.25.2,<2.6, installed: 2.3.2]
└── wipac-dev-tools [required: Any, installed: 1.16.12]
    ├── python-dateutil [required: Any, installed: 2.9.0.post0]
    │   └── six [required: >=1.5, installed: 1.17.0]
    ├── requests [required: Any, installed: 2.32.4]
    │   ├── charset-normalizer [required: >=2,<4, installed: 3.4.2]
    │   ├── idna [required: >=2.5,<4, installed: 3.10]
    │   ├── urllib3 [required: >=1.21.1,<3, installed: 2.5.0]
    │   └── certifi [required: >=2017.4.17, installed: 2025.8.3]
    └── typing_extensions [required: Any, installed: 4.14.1]
pipdeptree==2.28.0
├── packaging [required: >=24.1, installed: 25.0]
└── pip [required: >=24.2, installed: 25.2]
wipac-rest-tools==1.11.0
├── cachetools [required: Any, installed: 6.1.0]
├── PyJWT [required: !=2.6.0, installed: 2.10.1]
├── qrcode [required: Any, installed: 8.2]
├── requests [required: Any, installed: 2.32.4]
│   ├── charset-normalizer [required: >=2,<4, installed: 3.4.2]
│   ├── idna [required: >=2.5,<4, installed: 3.10]
│   ├── urllib3 [required: >=1.21.1,<3, installed: 2.5.0]
│   └── certifi [required: >=2017.4.17, installed: 2025.8.3]
├── requests-futures [required: Any, installed: 1.0.2]
│   └── requests [required: >=1.2.0, installed: 2.32.4]
│       ├── charset-normalizer [required: >=2,<4, installed: 3.4.2]
│       ├── idna [required: >=2.5,<4, installed: 3.10]
│       ├── urllib3 [required: >=1.21.1,<3, installed: 2.5.0]
│       └── certifi [required: >=2017.4.17, installed: 2025.8.3]
├── tornado [required: Any, installed: 6.5.1]
├── urllib3 [required: >=2.0.4, installed: 2.5.0]
└── wipac-dev-tools [required: Any, installed: 1.16.12]
    ├── python-dateutil [required: Any, installed: 2.9.0.post0]
    │   └── six [required: >=1.5, installed: 1.17.0]
    ├── requests [required: Any, installed: 2.32.4]
    │   ├── charset-normalizer [required: >=2,<4, installed: 3.4.2]
    │   ├── idna [required: >=2.5,<4, installed: 3.10]
    │   ├── urllib3 [required: >=1.21.1,<3, installed: 2.5.0]
    │   └── certifi [required: >=2017.4.17, installed: 2025.8.3]
    └── typing_extensions [required: Any, installed: 4.14.1]
