#
# This file is autogenerated by pip-compile with Python 3.11
# by the following command:
#
#    pip-compile --output-file=dependencies.log
#
astropy==6.1.1
    # via
    #   healpy
    #   icecube-skyreader (setup.py)
astropy-iers-data==0.2024.7.22.0.34.13
    # via astropy
certifi==2024.7.4
    # via requests
charset-normalizer==3.3.2
    # via requests
contourpy==1.2.1
    # via matplotlib
cycler==0.12.1
    # via matplotlib
fonttools==4.53.1
    # via matplotlib
healpy==1.17.3
    # via icecube-skyreader (setup.py)
idna==3.7
    # via requests
kiwisolver==1.4.5
    # via matplotlib
matplotlib==3.9.1
    # via icecube-skyreader (setup.py)
meander==0.0.3
    # via icecube-skyreader (setup.py)
numpy==2.0.1
    # via
    #   astropy
    #   contourpy
    #   healpy
    #   icecube-skyreader (setup.py)
    #   matplotlib
    #   pandas
    #   pyerfa
    #   scipy
packaging==24.1
    # via
    #   astropy
    #   matplotlib
pandas==2.2.2
    # via icecube-skyreader (setup.py)
pillow==10.4.0
    # via matplotlib
pyerfa==2.0.1.4
    # via astropy
pyparsing==3.1.2
    # via matplotlib
python-dateutil==2.9.0.post0
    # via
    #   matplotlib
    #   pandas
pytz==2024.1
    # via pandas
pyyaml==6.0.1
    # via astropy
requests==2.32.3
    # via wipac-dev-tools
scipy==1.14.0
    # via icecube-skyreader (setup.py)
six==1.16.0
    # via python-dateutil
typing-extensions==4.12.2
    # via wipac-dev-tools
tzdata==2024.1
    # via pandas
urllib3==2.2.2
    # via requests
wipac-dev-tools==1.10.6
    # via icecube-skyreader (setup.py)
